Using pre-set license
Built from '2020.3/staging' branch; Version is '2020.3.25f1 (9b9180224418) revision 10195328'; Using compiler version '192528614'; Build Type 'Release'
OS: 'Windows 10  (10.0.19043) 64bit Core' Language: 'pl' Physical Memory: 8154 MB
BatchMode: 1, IsHumanControllingUs: 0, StartBugReporterOnCrash: 0, Is64bit: 1, IsPro: 0

COMMAND LINE ARGUMENTS:
C:\Program Files\Unity\Hub\Editor\2020.3.25f1\Editor\Unity.exe
-adb2
-batchMode
-noUpm
-name
AssetImportWorker0
-projectPath
D:/PROJEKT/magic-ian/Magic-Ian
-logFile
Logs/AssetImportWorker0.log
-srvPort
53828
Successfully changed project path to: D:/PROJEKT/magic-ian/Magic-Ian
D:/PROJEKT/magic-ian/Magic-Ian
Using Asset Import Pipeline V2.
Refreshing native plugins compatible for Editor in 134.34 ms, found 3 plugins.
Preloading 0 native plugins for Editor in 0.00 ms.
Initialize engine version: 2020.3.25f1 (9b9180224418)
[Subsystems] Discovering subsystems at path C:/Program Files/Unity/Hub/Editor/2020.3.25f1/Editor/Data/Resources/UnitySubsystems
[Subsystems] Discovering subsystems at path D:/PROJEKT/magic-ian/Magic-Ian/Assets
GfxDevice: creating device client; threaded=0
Direct3D:
    Version:  Direct3D 11.0 [level 11.1]
    Renderer: AMD Radeon R9 200 Series (ID=0x679a)
    Vendor:   
    VRAM:     3052 MB
    Driver:   26.20.12028.2
Initialize mono
Mono path[0] = 'C:/Program Files/Unity/Hub/Editor/2020.3.25f1/Editor/Data/Managed'
Mono path[1] = 'C:/Program Files/Unity/Hub/Editor/2020.3.25f1/Editor/Data/MonoBleedingEdge/lib/mono/unityjit'
Mono config path = 'C:/Program Files/Unity/Hub/Editor/2020.3.25f1/Editor/Data/MonoBleedingEdge/etc'
Using monoOptions --debugger-agent=transport=dt_socket,embedding=1,server=y,suspend=n,address=127.0.0.1:56100
Begin MonoManager ReloadAssembly
Registering precompiled unity dll's ...
Register platform support module: C:/Program Files/Unity/Hub/Editor/2020.3.25f1/Editor/Data/PlaybackEngines/WindowsStandaloneSupport/UnityEditor.WindowsStandalone.Extensions.dll
Registered in 0.003267 seconds.
Native extension for WindowsStandalone target not found
Refreshing native plugins compatible for Editor in 136.44 ms, found 3 plugins.
Preloading 0 native plugins for Editor in 0.00 ms.
Mono: successfully reloaded assembly
- Completed reload, in  1.215 seconds
Domain Reload Profiling:
	ReloadAssembly (1215ms)
		BeginReloadAssembly (120ms)
			ExecutionOrderSort (0ms)
			DisableScriptedObjects (0ms)
			BackupInstance (0ms)
			ReleaseScriptingObjects (0ms)
			CreateAndSetChildDomain (1ms)
		EndReloadAssembly (943ms)
			LoadAssemblies (116ms)
			RebuildTransferFunctionScriptingTraits (0ms)
			SetupTypeCache (312ms)
			ReleaseScriptCaches (0ms)
			RebuildScriptCaches (64ms)
			SetupLoadedEditorAssemblies (376ms)
				LogAssemblyErrors (0ms)
				InitializePlatformSupportModulesInManaged (7ms)
				SetLoadedEditorAssemblies (0ms)
				RefreshPlugins (137ms)
				BeforeProcessingInitializeOnLoad (28ms)
				ProcessInitializeOnLoadAttributes (154ms)
				ProcessInitializeOnLoadMethodAttributes (48ms)
				AfterProcessingInitializeOnLoad (0ms)
				EditorAssembliesLoaded (0ms)
			ExecutionOrderSort2 (0ms)
			AwakeInstancesAfterBackupRestoration (0ms)
Platform modules already initialized, skipping
Registering precompiled user dll's ...
Registered in 0.012698 seconds.
Begin MonoManager ReloadAssembly
Native extension for WindowsStandalone target not found
Refreshing native plugins compatible for Editor in 142.32 ms, found 3 plugins.
Preloading 0 native plugins for Editor in 0.00 ms.
Mono: successfully reloaded assembly
- Completed reload, in  2.504 seconds
Domain Reload Profiling:
	ReloadAssembly (2505ms)
		BeginReloadAssembly (299ms)
			ExecutionOrderSort (0ms)
			DisableScriptedObjects (10ms)
			BackupInstance (0ms)
			ReleaseScriptingObjects (0ms)
			CreateAndSetChildDomain (51ms)
		EndReloadAssembly (2076ms)
			LoadAssemblies (184ms)
			RebuildTransferFunctionScriptingTraits (0ms)
			SetupTypeCache (760ms)
			ReleaseScriptCaches (1ms)
			RebuildScriptCaches (112ms)
			SetupLoadedEditorAssemblies (762ms)
				LogAssemblyErrors (0ms)
				InitializePlatformSupportModulesInManaged (10ms)
				SetLoadedEditorAssemblies (0ms)
				RefreshPlugins (142ms)
				BeforeProcessingInitializeOnLoad (181ms)
				ProcessInitializeOnLoadAttributes (384ms)
				ProcessInitializeOnLoadMethodAttributes (32ms)
				AfterProcessingInitializeOnLoad (12ms)
				EditorAssembliesLoaded (0ms)
			ExecutionOrderSort2 (0ms)
			AwakeInstancesAfterBackupRestoration (13ms)
Platform modules already initialized, skipping
========================================================================
Worker process is ready to serve import requests
Launched and connected shader compiler UnityShaderCompiler.exe after 0.13 seconds
Refreshing native plugins compatible for Editor in 1.54 ms, found 3 plugins.
Preloading 0 native plugins for Editor in 0.00 ms.
Unloading 3375 Unused Serialized files (Serialized files now loaded: 0)
System memory in use before: 160.0 MB.
System memory in use after: 160.2 MB.

Unloading 29 unused Assets to reduce memory usage. Loaded Objects now: 3825.
Total: 6.185500 ms (FindLiveObjects: 0.544500 ms CreateObjectMapping: 0.180800 ms MarkObjects: 5.334600 ms  DeleteObjects: 0.123900 ms)

AssetImportParameters requested are different than current active one (requested -> active):
  custom:framework-win-MediaFoundation: 216162199b28c13a410421893ffa2e32 -> 
  custom:video-decoder-ogg-theora: a1e56fd34408186e4bbccfd4996cb3dc -> 
  custom:container-muxer-webm: aa71ff27fc2769a1b78a27578f13a17b -> 
  custom:container-demuxer-webm: 4f35f7cbe854078d1ac9338744f61a02 -> 
  custom:container-demuxer-ogg: 62fdf1f143b41e24485cea50d1cbac27 -> 
  custom:video-encoder-webm-vp8: eb34c28f22e8b96e1ab97ce403110664 -> 
  custom:video-decoder-webm-vp8: 9c59270c3fd7afecdb556c50c9e8de78 -> 
  custom:audio-decoder-ogg-vorbis: bf7c407c2cedff20999df2af8eb42d56 -> 
  custom:audio-encoder-webm-vorbis: bf7c407c2cedff20999df2af8eb42d56 -> 
========================================================================
Received Import Request.
  path: Assets/Scenes/HUB.unity
  artifactKey: Guid(e88ed9628f38f9f4aa6df719d2023cd5) Importer(815301076,1909f56bfc062723c751e8b465ee728b)
Start importing Assets/Scenes/HUB.unity using Guid(e88ed9628f38f9f4aa6df719d2023cd5) Importer(815301076,1909f56bfc062723c751e8b465ee728b)  -> (artifact id: '96c382bb7a625454c815f068594ff4fe') in 0.035685 seconds 
  Import took 0.066687 seconds .

========================================================================
Received Import Request.
  Time since last request: 2.106354 seconds.
  path: Assets/Scenes/COMBAT.unity
  artifactKey: Guid(ccaf2b64b2d5943449b77d232d80ba9c) Importer(815301076,1909f56bfc062723c751e8b465ee728b)
Start importing Assets/Scenes/COMBAT.unity using Guid(ccaf2b64b2d5943449b77d232d80ba9c) Importer(815301076,1909f56bfc062723c751e8b465ee728b)  -> (artifact id: 'fdb3f6c1e63d22dc2ec9acb0cc221b28') in 0.012166 seconds 
  Import took 0.025427 seconds .

========================================================================
Received Import Request.
  Time since last request: 5531.787289 seconds.
  path: Assets/Sprites/193437dcf048db9.png
  artifactKey: Guid(de684df18762d4d41b955808bbf28cc2) Importer(815301076,1909f56bfc062723c751e8b465ee728b)
Start importing Assets/Sprites/193437dcf048db9.png using Guid(de684df18762d4d41b955808bbf28cc2) Importer(815301076,1909f56bfc062723c751e8b465ee728b)  -> (artifact id: 'a2bccc36a2dd631e17fdfd885be4f908') in 0.407452 seconds 
  Import took 0.460850 seconds .

========================================================================
Received Import Request.
  Time since last request: 0.000292 seconds.
  path: Assets/Sprites/Square.png
  artifactKey: Guid(f71d8a576488a13438f2de8fbc763f73) Importer(815301076,1909f56bfc062723c751e8b465ee728b)
Start importing Assets/Sprites/Square.png using Guid(f71d8a576488a13438f2de8fbc763f73) Importer(815301076,1909f56bfc062723c751e8b465ee728b)  -> (artifact id: '869ef04ffb7bbf466c123823a7f3a20f') in 0.030273 seconds 
  Import took 0.039286 seconds .

========================================================================
Received Import Request.
  Time since last request: 0.000340 seconds.
  path: Assets/Sprites/Ace of Hearts Image.png
  artifactKey: Guid(f88aaef9a5fa56d4c921bceaf1409151) Importer(815301076,1909f56bfc062723c751e8b465ee728b)
Start importing Assets/Sprites/Ace of Hearts Image.png using Guid(f88aaef9a5fa56d4c921bceaf1409151) Importer(815301076,1909f56bfc062723c751e8b465ee728b)  -> (artifact id: '1d4781853cc9f8f1469d9f4de5d2705f') in 0.063643 seconds 
  Import took 0.084938 seconds .

========================================================================
Received Import Request.
  Time since last request: 0.000317 seconds.
  path: Assets/Sprites/ace-card-png-transparent-ace-cardpng-images-pluspng-ace-card-png-2000_2900.png
  artifactKey: Guid(c51f0491f91fa914e84cd952ba66c715) Importer(815301076,1909f56bfc062723c751e8b465ee728b)
Start importing Assets/Sprites/ace-card-png-transparent-ace-cardpng-images-pluspng-ace-card-png-2000_2900.png using Guid(c51f0491f91fa914e84cd952ba66c715) Importer(815301076,1909f56bfc062723c751e8b465ee728b)  -> (artifact id: '48d7651af81ee6109bf24cc9310a72dc') in 0.027996 seconds 
  Import took 0.042461 seconds .

========================================================================
Received Import Request.
  Time since last request: 0.000382 seconds.
  path: Assets/Sprites/tf-1.png_1.png
  artifactKey: Guid(aea4ab6722d71174e82adcbd079584c7) Importer(815301076,1909f56bfc062723c751e8b465ee728b)
Start importing Assets/Sprites/tf-1.png_1.png using Guid(aea4ab6722d71174e82adcbd079584c7) Importer(815301076,1909f56bfc062723c751e8b465ee728b)  -> (artifact id: '032268f0acb3ac2ad3b3b78287c226a6') in 0.027075 seconds 
  Import took 0.045258 seconds .

========================================================================
Received Import Request.
  Time since last request: 0.000446 seconds.
  path: Assets/Sprites/Capsule.png
  artifactKey: Guid(fc428c14145a40f47b8dee6b27a436f5) Importer(815301076,1909f56bfc062723c751e8b465ee728b)
Start importing Assets/Sprites/Capsule.png using Guid(fc428c14145a40f47b8dee6b27a436f5) Importer(815301076,1909f56bfc062723c751e8b465ee728b)  -> (artifact id: 'e9a01bbeb5ce2311fcad71386d1a140e') in 0.025060 seconds 
  Import took 0.032293 seconds .

========================================================================
Received Import Request.
  Time since last request: 0.000310 seconds.
  path: Assets/Sprites/pixil-frame-0.png
  artifactKey: Guid(c7e10b2e83ff02a41a1901dfed09e8e6) Importer(815301076,1909f56bfc062723c751e8b465ee728b)
Start importing Assets/Sprites/pixil-frame-0.png using Guid(c7e10b2e83ff02a41a1901dfed09e8e6) Importer(815301076,1909f56bfc062723c751e8b465ee728b)  -> (artifact id: 'aa6ec43dd4bd1b29ec8db542d6bd9817') in 0.038887 seconds 
  Import took 0.054737 seconds .

========================================================================
Received Import Request.
  Time since last request: 1.949321 seconds.
  path: Assets/Scripts
  artifactKey: Guid(4b78fba49d911a2429bbd20670b57eca) Importer(815301076,1909f56bfc062723c751e8b465ee728b)
Start importing Assets/Scripts using Guid(4b78fba49d911a2429bbd20670b57eca) Importer(815301076,1909f56bfc062723c751e8b465ee728b)  -> (artifact id: 'e895cdd234e4319836c0e1d8ea18ccee') in 0.010047 seconds 
  Import took 0.018612 seconds .

========================================================================
Received Import Request.
  Time since last request: 9.455229 seconds.
  path: Assets/Scripts/NewBehaviourScript.cs
  artifactKey: Guid(91df2fac66050134f9e77462977c5dec) Importer(815301076,1909f56bfc062723c751e8b465ee728b)
Start importing Assets/Scripts/NewBehaviourScript.cs using Guid(91df2fac66050134f9e77462977c5dec) Importer(815301076,1909f56bfc062723c751e8b465ee728b)  -> (artifact id: '107ca706aeb700edf45d84fb537bb721') in 0.024542 seconds 
  Import took 0.032202 seconds .

AssetImportWorkerClient::OnTransportError - code=2 error=End of file
